{"C:\\Jouryjc\\babel-plugin-transform-options-to-compositions\\lib\\index.ts": {"path":"C:\\Jouryjc\\babel-plugin-transform-options-to-compositions\\lib\\index.ts","statementMap":{"0":{"start":{"line":1,"column":24},"end":{"line":1,"column":null}},"1":{"start":{"line":3,"column":15},"end":{"line":178,"column":null}},"2":{"start":{"line":4,"column":2},"end":{"line":4,"column":null}},"3":{"start":{"line":5,"column":30},"end":{"line":5,"column":null}},"4":{"start":{"line":6,"column":22},"end":{"line":6,"column":null}},"5":{"start":{"line":8,"column":22},"end":{"line":10,"column":null}},"6":{"start":{"line":18,"column":4},"end":{"line":21,"column":null}},"7":{"start":{"line":31,"column":28},"end":{"line":31,"column":null}},"8":{"start":{"line":33,"column":4},"end":{"line":34,"column":null}},"9":{"start":{"line":37,"column":4},"end":{"line":37,"column":null}},"10":{"start":{"line":45,"column":23},"end":{"line":45,"column":null}},"11":{"start":{"line":46,"column":24},"end":{"line":46,"column":null}},"12":{"start":{"line":48,"column":4},"end":{"line":61,"column":null}},"13":{"start":{"line":49,"column":21},"end":{"line":49,"column":null}},"14":{"start":{"line":51,"column":24},"end":{"line":51,"column":null}},"15":{"start":{"line":53,"column":6},"end":{"line":58,"column":null}},"16":{"start":{"line":54,"column":8},"end":{"line":54,"column":null}},"17":{"start":{"line":55,"column":8},"end":{"line":55,"column":null}},"18":{"start":{"line":55,"column":66},"end":{"line":58,"column":null}},"19":{"start":{"line":57,"column":8},"end":{"line":57,"column":null}},"20":{"start":{"line":58,"column":8},"end":{"line":58,"column":null}},"21":{"start":{"line":61,"column":6},"end":{"line":61,"column":null}},"22":{"start":{"line":64,"column":4},"end":{"line":64,"column":null}},"23":{"start":{"line":68,"column":23},"end":{"line":68,"column":null}},"24":{"start":{"line":69,"column":23},"end":{"line":69,"column":null}},"25":{"start":{"line":71,"column":4},"end":{"line":98,"column":null}},"26":{"start":{"line":72,"column":21},"end":{"line":72,"column":null}},"27":{"start":{"line":74,"column":23},"end":{"line":74,"column":null}},"28":{"start":{"line":75,"column":6},"end":{"line":75,"column":null}},"29":{"start":{"line":78,"column":6},"end":{"line":95,"column":null}},"30":{"start":{"line":79,"column":23},"end":{"line":79,"column":null}},"31":{"start":{"line":81,"column":29},"end":{"line":82,"column":null}},"32":{"start":{"line":82,"column":10},"end":{"line":82,"column":null}},"33":{"start":{"line":84,"column":8},"end":{"line":84,"column":null}},"34":{"start":{"line":85,"column":8},"end":{"line":85,"column":null}},"35":{"start":{"line":87,"column":23},"end":{"line":87,"column":null}},"36":{"start":{"line":87,"column":48},"end":{"line":87,"column":null}},"37":{"start":{"line":88,"column":8},"end":{"line":89,"column":null}},"38":{"start":{"line":89,"column":10},"end":{"line":89,"column":null}},"39":{"start":{"line":94,"column":8},"end":{"line":94,"column":null}},"40":{"start":{"line":95,"column":8},"end":{"line":95,"column":null}},"41":{"start":{"line":98,"column":6},"end":{"line":98,"column":null}},"42":{"start":{"line":101,"column":4},"end":{"line":101,"column":null}},"43":{"start":{"line":105,"column":23},"end":{"line":105,"column":null}},"44":{"start":{"line":106,"column":22},"end":{"line":106,"column":null}},"45":{"start":{"line":108,"column":4},"end":{"line":119,"column":null}},"46":{"start":{"line":109,"column":21},"end":{"line":109,"column":null}},"47":{"start":{"line":111,"column":16},"end":{"line":111,"column":null}},"48":{"start":{"line":113,"column":6},"end":{"line":116,"column":null}},"49":{"start":{"line":114,"column":8},"end":{"line":114,"column":null}},"50":{"start":{"line":115,"column":8},"end":{"line":115,"column":null}},"51":{"start":{"line":116,"column":8},"end":{"line":116,"column":null}},"52":{"start":{"line":119,"column":6},"end":{"line":119,"column":null}},"53":{"start":{"line":122,"column":4},"end":{"line":122,"column":null}},"54":{"start":{"line":126,"column":19},"end":{"line":126,"column":null}},"55":{"start":{"line":127,"column":21},"end":{"line":127,"column":null}},"56":{"start":{"line":129,"column":4},"end":{"line":130,"column":null}},"57":{"start":{"line":130,"column":47},"end":{"line":130,"column":null}},"58":{"start":{"line":132,"column":4},"end":{"line":132,"column":null}},"59":{"start":{"line":134,"column":4},"end":{"line":134,"column":null}},"60":{"start":{"line":137,"column":2},"end":{"line":178,"column":null}},"61":{"start":{"line":153,"column":43},"end":{"line":154,"column":null}},"62":{"start":{"line":154,"column":12},"end":{"line":154,"column":null}},"63":{"start":{"line":156,"column":29},"end":{"line":156,"column":null}},"64":{"start":{"line":159,"column":26},"end":{"line":165,"column":null}},"65":{"start":{"line":168,"column":10},"end":{"line":174,"column":null}},"66":{"start":{"line":169,"column":26},"end":{"line":169,"column":null}},"67":{"start":{"line":171,"column":12},"end":{"line":174,"column":null}},"68":{"start":{"line":172,"column":14},"end":{"line":174,"column":null}},"69":{"start":{"line":178,"column":10},"end":{"line":178,"column":null}}},"fnMap":{"0":{"name":"(anonymous_19)","decl":{"start":{"line":3,"column":23},"end":{"line":3,"column":24}},"loc":{"start":{"line":3,"column":32},"end":{"line":178,"column":null}}},"1":{"name":"genDefineProps","decl":{"start":{"line":17,"column":2},"end":{"line":17,"column":26}},"loc":{"start":{"line":17,"column":36},"end":{"line":21,"column":null}}},"2":{"name":"genReactiveData","decl":{"start":{"line":30,"column":2},"end":{"line":30,"column":27}},"loc":{"start":{"line":30,"column":37},"end":{"line":37,"column":null}}},"3":{"name":"genComputed","decl":{"start":{"line":44,"column":2},"end":{"line":44,"column":23}},"loc":{"start":{"line":44,"column":33},"end":{"line":64,"column":null}}},"4":{"name":"(anonymous_23)","decl":{"start":{"line":48,"column":23},"end":{"line":48,"column":24}},"loc":{"start":{"line":48,"column":33},"end":{"line":61,"column":null}}},"5":{"name":"genWatcher","decl":{"start":{"line":67,"column":2},"end":{"line":67,"column":22}},"loc":{"start":{"line":67,"column":32},"end":{"line":101,"column":null}}},"6":{"name":"(anonymous_25)","decl":{"start":{"line":71,"column":23},"end":{"line":71,"column":24}},"loc":{"start":{"line":71,"column":33},"end":{"line":98,"column":null}}},"7":{"name":"(anonymous_26)","decl":{"start":{"line":81,"column":43},"end":{"line":81,"column":44}},"loc":{"start":{"line":82,"column":10},"end":{"line":82,"column":null}}},"8":{"name":"(anonymous_27)","decl":{"start":{"line":87,"column":37},"end":{"line":87,"column":38}},"loc":{"start":{"line":87,"column":48},"end":{"line":87,"column":null}}},"9":{"name":"genMethods","decl":{"start":{"line":104,"column":2},"end":{"line":104,"column":22}},"loc":{"start":{"line":104,"column":32},"end":{"line":122,"column":null}}},"10":{"name":"(anonymous_29)","decl":{"start":{"line":108,"column":23},"end":{"line":108,"column":24}},"loc":{"start":{"line":108,"column":33},"end":{"line":119,"column":null}}},"11":{"name":"genBeforeUnmount","decl":{"start":{"line":125,"column":2},"end":{"line":125,"column":28}},"loc":{"start":{"line":125,"column":38},"end":{"line":134,"column":null}}},"12":{"name":"(anonymous_31)","decl":{"start":{"line":130,"column":36},"end":{"line":130,"column":37}},"loc":{"start":{"line":130,"column":47},"end":{"line":130,"column":null}}},"13":{"name":"(anonymous_32)","decl":{"start":{"line":152,"column":8},"end":{"line":152,"column":13}},"loc":{"start":{"line":152,"column":19},"end":{"line":178,"column":null}}},"14":{"name":"(anonymous_33)","decl":{"start":{"line":153,"column":65},"end":{"line":153,"column":66}},"loc":{"start":{"line":154,"column":12},"end":{"line":154,"column":null}}},"15":{"name":"(anonymous_34)","decl":{"start":{"line":168,"column":29},"end":{"line":168,"column":30}},"loc":{"start":{"line":168,"column":43},"end":{"line":174,"column":null}}}},"branchMap":{"0":{"loc":{"start":{"line":53,"column":6},"end":{"line":58,"column":null}},"type":"if","locations":[{"start":{"line":53,"column":6},"end":{"line":58,"column":null}},{"start":{"line":53,"column":6},"end":{"line":58,"column":null}}]},"1":{"loc":{"start":{"line":55,"column":66},"end":{"line":58,"column":null}},"type":"if","locations":[{"start":{"line":55,"column":66},"end":{"line":58,"column":null}},{"start":{"line":55,"column":66},"end":{"line":58,"column":null}}]},"2":{"loc":{"start":{"line":78,"column":6},"end":{"line":95,"column":null}},"type":"if","locations":[{"start":{"line":78,"column":6},"end":{"line":95,"column":null}},{"start":{"line":78,"column":6},"end":{"line":95,"column":null}}]},"3":{"loc":{"start":{"line":78,"column":35},"end":{"line":78,"column":41}},"type":"cond-expr","locations":[{"start":{"line":78,"column":35},"end":{"line":78,"column":41}},{"start":{"line":78,"column":35},"end":{"line":78,"column":49}}]},"4":{"loc":{"start":{"line":88,"column":8},"end":{"line":89,"column":null}},"type":"if","locations":[{"start":{"line":88,"column":8},"end":{"line":89,"column":null}},{"start":{"line":88,"column":8},"end":{"line":89,"column":null}}]},"5":{"loc":{"start":{"line":88,"column":12},"end":{"line":88,"column":20}},"type":"cond-expr","locations":[{"start":{"line":88,"column":12},"end":{"line":88,"column":20}},{"start":{"line":88,"column":12},"end":{"line":88,"column":28}}]},"6":{"loc":{"start":{"line":113,"column":6},"end":{"line":116,"column":null}},"type":"if","locations":[{"start":{"line":113,"column":6},"end":{"line":116,"column":null}},{"start":{"line":113,"column":6},"end":{"line":116,"column":null}}]},"7":{"loc":{"start":{"line":169,"column":26},"end":{"line":169,"column":36}},"type":"cond-expr","locations":[{"start":{"line":169,"column":26},"end":{"line":169,"column":36}},{"start":{"line":169,"column":26},"end":{"line":169,"column":null}}]},"8":{"loc":{"start":{"line":169,"column":26},"end":{"line":169,"column":36}},"type":"cond-expr","locations":[{"start":{"line":169,"column":26},"end":{"line":169,"column":36}},{"start":{"line":169,"column":26},"end":{"line":169,"column":57}}]},"9":{"loc":{"start":{"line":171,"column":12},"end":{"line":174,"column":null}},"type":"if","locations":[{"start":{"line":171,"column":12},"end":{"line":174,"column":null}},{"start":{"line":171,"column":12},"end":{"line":174,"column":null}}]},"10":{"loc":{"start":{"line":173,"column":18},"end":{"line":173,"column":null}},"type":"cond-expr","locations":[{"start":{"line":173,"column":18},"end":{"line":173,"column":null}},{"start":{"line":174,"column":18},"end":{"line":174,"column":null}}]}},"s":{"0":1,"1":1,"2":1,"3":1,"4":1,"5":1,"6":1,"7":0,"8":0,"9":0,"10":0,"11":0,"12":0,"13":0,"14":0,"15":0,"16":0,"17":0,"18":0,"19":0,"20":0,"21":0,"22":0,"23":0,"24":0,"25":0,"26":0,"27":0,"28":0,"29":0,"30":0,"31":0,"32":0,"33":0,"34":0,"35":0,"36":0,"37":0,"38":0,"39":0,"40":0,"41":0,"42":0,"43":0,"44":0,"45":0,"46":0,"47":0,"48":0,"49":0,"50":0,"51":0,"52":0,"53":0,"54":0,"55":0,"56":0,"57":0,"58":0,"59":0,"60":1,"61":1,"62":1,"63":1,"64":1,"65":1,"66":1,"67":1,"68":1,"69":1},"f":{"0":1,"1":1,"2":0,"3":0,"4":0,"5":0,"6":0,"7":0,"8":0,"9":0,"10":0,"11":0,"12":0,"13":1,"14":1,"15":1},"b":{"0":[0,0],"1":[0,0],"2":[0,0],"3":[0,0],"4":[0,0],"5":[0,0],"6":[0,0],"7":[0,1],"8":[0,1],"9":[1,0],"10":[0,1]}}
,"C:\\Jouryjc\\babel-plugin-transform-options-to-compositions\\node_modules\\@babel\\helper-plugin-utils\\lib\\index.js": {"path":"C:\\Jouryjc\\babel-plugin-transform-options-to-compositions\\node_modules\\@babel\\helper-plugin-utils\\lib\\index.js","statementMap":{"0":{"start":{"line":1,"column":0},"end":{"line":88,"column":null}},"1":{"start":{"line":3,"column":0},"end":{"line":4,"column":null}},"2":{"start":{"line":6,"column":0},"end":{"line":6,"column":null}},"3":{"start":{"line":9,"column":2},"end":{"line":22,"column":null}},"4":{"start":{"line":14,"column":4},"end":{"line":19,"column":null}},"5":{"start":{"line":17,"column":6},"end":{"line":17,"column":null}},"6":{"start":{"line":17,"column":21},"end":{"line":17,"column":null}},"7":{"start":{"line":18,"column":6},"end":{"line":18,"column":null}},"8":{"start":{"line":19,"column":6},"end":{"line":19,"column":null}},"9":{"start":{"line":22,"column":4},"end":{"line":22,"column":null}},"10":{"start":{"line":26,"column":21},"end":{"line":33,"column":null}},"11":{"start":{"line":27,"column":24},"end":{"line":28,"column":null}},"12":{"start":{"line":28,"column":4},"end":{"line":28,"column":null}},"13":{"start":{"line":30,"column":17},"end":{"line":31,"column":null}},"14":{"start":{"line":31,"column":4},"end":{"line":31,"column":null}},"15":{"start":{"line":33,"column":20},"end":{"line":33,"column":null}},"16":{"start":{"line":37,"column":14},"end":{"line":37,"column":null}},"17":{"start":{"line":39,"column":2},"end":{"line":43,"column":null}},"18":{"start":{"line":40,"column":4},"end":{"line":40,"column":null}},"19":{"start":{"line":42,"column":4},"end":{"line":43,"column":null}},"20":{"start":{"line":43,"column":6},"end":{"line":43,"column":null}},"21":{"start":{"line":47,"column":2},"end":{"line":47,"column":null}},"22":{"start":{"line":51,"column":2},"end":{"line":51,"column":null}},"23":{"start":{"line":55,"column":2},"end":{"line":60,"column":null}},"24":{"start":{"line":56,"column":4},"end":{"line":57,"column":null}},"25":{"start":{"line":57,"column":6},"end":{"line":57,"column":null}},"26":{"start":{"line":60,"column":4},"end":{"line":60,"column":null}},"27":{"start":{"line":63,"column":2},"end":{"line":64,"column":null}},"28":{"start":{"line":64,"column":4},"end":{"line":64,"column":null}},"29":{"start":{"line":67,"column":16},"end":{"line":67,"column":null}},"30":{"start":{"line":69,"column":2},"end":{"line":70,"column":null}},"31":{"start":{"line":70,"column":4},"end":{"line":70,"column":null}},"32":{"start":{"line":75,"column":2},"end":{"line":78,"column":null}},"33":{"start":{"line":76,"column":4},"end":{"line":76,"column":null}},"34":{"start":{"line":78,"column":4},"end":{"line":78,"column":null}},"35":{"start":{"line":81,"column":2},"end":{"line":82,"column":null}},"36":{"start":{"line":82,"column":4},"end":{"line":82,"column":null}},"37":{"start":{"line":85,"column":2},"end":{"line":88,"column":null}}},"fnMap":{"0":{"name":"(anonymous_7)","decl":{"start":{"line":1,"column":0},"end":{"line":1,"column":null}},"loc":{"start":{"line":1,"column":0},"end":{"line":88,"column":null}}},"1":{"name":"declare2","decl":{"start":{"line":8,"column":0},"end":{"line":8,"column":17}},"loc":{"start":{"line":8,"column":26},"end":{"line":22,"column":null}}},"2":{"name":"(anonymous_9)","decl":{"start":{"line":9,"column":9},"end":{"line":9,"column":10}},"loc":{"start":{"line":9,"column":36},"end":{"line":22,"column":null}}},"3":{"name":"(anonymous_10)","decl":{"start":{"line":27,"column":17},"end":{"line":27,"column":24}},"loc":{"start":{"line":27,"column":24},"end":{"line":28,"column":null}}},"4":{"name":"(anonymous_11)","decl":{"start":{"line":27,"column":24},"end":{"line":27,"column":33}},"loc":{"start":{"line":27,"column":33},"end":{"line":28,"column":null}}},"5":{"name":"(anonymous_12)","decl":{"start":{"line":30,"column":11},"end":{"line":30,"column":17}},"loc":{"start":{"line":30,"column":17},"end":{"line":31,"column":null}}},"6":{"name":"(anonymous_13)","decl":{"start":{"line":30,"column":17},"end":{"line":30,"column":23}},"loc":{"start":{"line":30,"column":23},"end":{"line":31,"column":null}}},"7":{"name":"(anonymous_14)","decl":{"start":{"line":33,"column":14},"end":{"line":33,"column":20}},"loc":{"start":{"line":33,"column":20},"end":{"line":33,"column":null}}},"8":{"name":"(anonymous_15)","decl":{"start":{"line":33,"column":20},"end":{"line":33,"column":26}},"loc":{"start":{"line":33,"column":26},"end":{"line":33,"column":null}}},"9":{"name":"copyApiObject","decl":{"start":{"line":36,"column":0},"end":{"line":36,"column":23}},"loc":{"start":{"line":36,"column":28},"end":{"line":47,"column":null}}},"10":{"name":"has","decl":{"start":{"line":50,"column":0},"end":{"line":50,"column":13}},"loc":{"start":{"line":50,"column":23},"end":{"line":51,"column":null}}},"11":{"name":"throwVersionError","decl":{"start":{"line":54,"column":0},"end":{"line":54,"column":27}},"loc":{"start":{"line":54,"column":43},"end":{"line":88,"column":null}}}},"branchMap":{"0":{"loc":{"start":{"line":17,"column":6},"end":{"line":17,"column":null}},"type":"if","locations":[{"start":{"line":17,"column":6},"end":{"line":17,"column":null}},{"start":{"line":17,"column":6},"end":{"line":17,"column":null}}]},"1":{"loc":{"start":{"line":18,"column":53},"end":{"line":18,"column":66}},"type":"cond-expr","locations":[{"start":{"line":18,"column":53},"end":{"line":18,"column":66}},{"start":{"line":18,"column":66},"end":{"line":18,"column":null}}]},"2":{"loc":{"start":{"line":22,"column":55},"end":{"line":22,"column":69}},"type":"cond-expr","locations":[{"start":{"line":22,"column":55},"end":{"line":22,"column":69}},{"start":{"line":22,"column":69},"end":{"line":22,"column":74}}]},"3":{"loc":{"start":{"line":22,"column":74},"end":{"line":22,"column":85}},"type":"binary-expr","locations":[{"start":{"line":22,"column":74},"end":{"line":22,"column":85}},{"start":{"line":22,"column":85},"end":{"line":22,"column":89}}]},"4":{"loc":{"start":{"line":39,"column":2},"end":{"line":43,"column":null}},"type":"if","locations":[{"start":{"line":39,"column":2},"end":{"line":43,"column":null}},{"start":{"line":39,"column":2},"end":{"line":43,"column":null}}]},"5":{"loc":{"start":{"line":39,"column":6},"end":{"line":39,"column":41}},"type":"binary-expr","locations":[{"start":{"line":39,"column":6},"end":{"line":39,"column":41}},{"start":{"line":39,"column":41},"end":{"line":39,"column":67}}]},"6":{"loc":{"start":{"line":42,"column":4},"end":{"line":43,"column":null}},"type":"if","locations":[{"start":{"line":42,"column":4},"end":{"line":43,"column":null}},{"start":{"line":42,"column":4},"end":{"line":43,"column":null}}]},"7":{"loc":{"start":{"line":42,"column":8},"end":{"line":42,"column":18}},"type":"binary-expr","locations":[{"start":{"line":42,"column":8},"end":{"line":42,"column":18}},{"start":{"line":42,"column":18},"end":{"line":42,"column":44}},{"start":{"line":42,"column":44},"end":{"line":42,"column":72}},{"start":{"line":42,"column":72},"end":{"line":42,"column":99}},{"start":{"line":42,"column":99},"end":{"line":42,"column":122}}]},"8":{"loc":{"start":{"line":55,"column":2},"end":{"line":60,"column":null}},"type":"if","locations":[{"start":{"line":55,"column":2},"end":{"line":60,"column":null}},{"start":{"line":55,"column":2},"end":{"line":60,"column":null}}]},"9":{"loc":{"start":{"line":56,"column":4},"end":{"line":57,"column":null}},"type":"if","locations":[{"start":{"line":56,"column":4},"end":{"line":57,"column":null}},{"start":{"line":56,"column":4},"end":{"line":57,"column":null}}]},"10":{"loc":{"start":{"line":63,"column":2},"end":{"line":64,"column":null}},"type":"if","locations":[{"start":{"line":63,"column":2},"end":{"line":64,"column":null}},{"start":{"line":63,"column":2},"end":{"line":64,"column":null}}]},"11":{"loc":{"start":{"line":69,"column":2},"end":{"line":70,"column":null}},"type":"if","locations":[{"start":{"line":69,"column":2},"end":{"line":70,"column":null}},{"start":{"line":69,"column":2},"end":{"line":70,"column":null}}]},"12":{"loc":{"start":{"line":69,"column":6},"end":{"line":69,"column":35}},"type":"binary-expr","locations":[{"start":{"line":69,"column":6},"end":{"line":69,"column":35}},{"start":{"line":69,"column":35},"end":{"line":69,"column":47}}]},"13":{"loc":{"start":{"line":75,"column":2},"end":{"line":78,"column":null}},"type":"if","locations":[{"start":{"line":75,"column":2},"end":{"line":78,"column":null}},{"start":{"line":75,"column":2},"end":{"line":78,"column":null}}]},"14":{"loc":{"start":{"line":81,"column":2},"end":{"line":82,"column":null}},"type":"if","locations":[{"start":{"line":81,"column":2},"end":{"line":82,"column":null}},{"start":{"line":81,"column":2},"end":{"line":82,"column":null}}]}},"s":{"0":1,"1":1,"2":1,"3":1,"4":1,"5":3,"6":3,"7":0,"8":0,"9":1,"10":1,"11":0,"12":0,"13":0,"14":0,"15":0,"16":0,"17":0,"18":0,"19":0,"20":0,"21":0,"22":0,"23":0,"24":0,"25":0,"26":0,"27":0,"28":0,"29":0,"30":0,"31":0,"32":0,"33":0,"34":0,"35":0,"36":0,"37":0},"f":{"0":1,"1":1,"2":1,"3":0,"4":0,"5":0,"6":0,"7":0,"8":0,"9":0,"10":0,"11":0},"b":{"0":[3,0],"1":[0,0],"2":[0,1],"3":[1,0],"4":[0,0],"5":[0,0],"6":[0,0],"7":[0,0,0,0,0],"8":[0,0],"9":[0,0],"10":[0,0],"11":[0,0],"12":[0,0],"13":[0,0],"14":[0,0]}}
}
