TN:
SF:lib\index.ts
FN:3,(anonymous_19)
FN:17,genDefineProps
FN:30,genReactiveData
FN:44,genComputed
FN:48,(anonymous_23)
FN:67,genWatcher
FN:71,(anonymous_25)
FN:81,(anonymous_26)
FN:87,(anonymous_27)
FN:104,genMethods
FN:108,(anonymous_29)
FN:125,genBeforeUnmount
FN:130,(anonymous_31)
FN:152,(anonymous_32)
FN:153,(anonymous_33)
FN:168,(anonymous_34)
FNF:16
FNH:5
FNDA:1,(anonymous_19)
FNDA:1,genDefineProps
FNDA:0,genReactiveData
FNDA:0,genComputed
FNDA:0,(anonymous_23)
FNDA:0,genWatcher
FNDA:0,(anonymous_25)
FNDA:0,(anonymous_26)
FNDA:0,(anonymous_27)
FNDA:0,genMethods
FNDA:0,(anonymous_29)
FNDA:0,genBeforeUnmount
FNDA:0,(anonymous_31)
FNDA:1,(anonymous_32)
FNDA:1,(anonymous_33)
FNDA:1,(anonymous_34)
DA:1,1
DA:3,1
DA:4,1
DA:5,1
DA:6,1
DA:8,1
DA:18,1
DA:31,0
DA:33,0
DA:37,0
DA:45,0
DA:46,0
DA:48,0
DA:49,0
DA:51,0
DA:53,0
DA:54,0
DA:55,0
DA:57,0
DA:58,0
DA:61,0
DA:64,0
DA:68,0
DA:69,0
DA:71,0
DA:72,0
DA:74,0
DA:75,0
DA:78,0
DA:79,0
DA:81,0
DA:82,0
DA:84,0
DA:85,0
DA:87,0
DA:88,0
DA:89,0
DA:94,0
DA:95,0
DA:98,0
DA:101,0
DA:105,0
DA:106,0
DA:108,0
DA:109,0
DA:111,0
DA:113,0
DA:114,0
DA:115,0
DA:116,0
DA:119,0
DA:122,0
DA:126,0
DA:127,0
DA:129,0
DA:130,0
DA:132,0
DA:134,0
DA:137,1
DA:153,1
DA:154,1
DA:156,1
DA:159,1
DA:168,1
DA:169,1
DA:171,1
DA:172,1
DA:178,1
LF:68
LH:17
BRDA:53,0,0,0
BRDA:53,0,1,0
BRDA:55,1,0,0
BRDA:55,1,1,0
BRDA:78,2,0,0
BRDA:78,2,1,0
BRDA:78,3,0,0
BRDA:78,3,1,0
BRDA:88,4,0,0
BRDA:88,4,1,0
BRDA:88,5,0,0
BRDA:88,5,1,0
BRDA:113,6,0,0
BRDA:113,6,1,0
BRDA:169,7,0,0
BRDA:169,7,1,1
BRDA:169,8,0,0
BRDA:169,8,1,1
BRDA:171,9,0,1
BRDA:171,9,1,0
BRDA:173,10,0,0
BRDA:173,10,1,1
BRF:22
BRH:4
end_of_record
TN:
SF:node_modules\@babel\helper-plugin-utils\lib\index.js
FN:1,(anonymous_7)
FN:8,declare2
FN:9,(anonymous_9)
FN:27,(anonymous_10)
FN:27,(anonymous_11)
FN:30,(anonymous_12)
FN:30,(anonymous_13)
FN:33,(anonymous_14)
FN:33,(anonymous_15)
FN:36,copyApiObject
FN:50,has
FN:54,throwVersionError
FNF:12
FNH:3
FNDA:1,(anonymous_7)
FNDA:1,declare2
FNDA:1,(anonymous_9)
FNDA:0,(anonymous_10)
FNDA:0,(anonymous_11)
FNDA:0,(anonymous_12)
FNDA:0,(anonymous_13)
FNDA:0,(anonymous_14)
FNDA:0,(anonymous_15)
FNDA:0,copyApiObject
FNDA:0,has
FNDA:0,throwVersionError
DA:1,1
DA:3,1
DA:6,1
DA:9,1
DA:14,1
DA:17,3
DA:18,0
DA:19,0
DA:22,1
DA:26,1
DA:27,0
DA:28,0
DA:30,0
DA:31,0
DA:33,0
DA:37,0
DA:39,0
DA:40,0
DA:42,0
DA:43,0
DA:47,0
DA:51,0
DA:55,0
DA:56,0
DA:57,0
DA:60,0
DA:63,0
DA:64,0
DA:67,0
DA:69,0
DA:70,0
DA:75,0
DA:76,0
DA:78,0
DA:81,0
DA:82,0
DA:85,0
LF:37
LH:8
BRDA:17,0,0,3
BRDA:17,0,1,0
BRDA:18,1,0,0
BRDA:18,1,1,0
BRDA:22,2,0,0
BRDA:22,2,1,1
BRDA:22,3,0,1
BRDA:22,3,1,0
BRDA:39,4,0,0
BRDA:39,4,1,0
BRDA:39,5,0,0
BRDA:39,5,1,0
BRDA:42,6,0,0
BRDA:42,6,1,0
BRDA:42,7,0,0
BRDA:42,7,1,0
BRDA:42,7,2,0
BRDA:42,7,3,0
BRDA:42,7,4,0
BRDA:55,8,0,0
BRDA:55,8,1,0
BRDA:56,9,0,0
BRDA:56,9,1,0
BRDA:63,10,0,0
BRDA:63,10,1,0
BRDA:69,11,0,0
BRDA:69,11,1,0
BRDA:69,12,0,0
BRDA:69,12,1,0
BRDA:75,13,0,0
BRDA:75,13,1,0
BRDA:81,14,0,0
BRDA:81,14,1,0
BRF:33
BRH:3
end_of_record
